<?xml version="1.0" encoding="UTF-8"?>
<!-- Generated by org.testng.reporters.JUnitReportReporter -->
<testsuite hostname="ASUS_123" failures="0" tests="1" name="Campaign.createcampaignTest" time="27.373" errors="0" timestamp="2024-07-02T10:01:03 IST" skipped="0">
  <testcase classname="Campaign.createcampaignTest" name="CreateCampaignTest" time="27.373"/>
  <system-out/>
</testsuite> <!-- Campaign.createcampaignTest -->
