<?xml version="1.0" encoding="UTF-8"?>
<!-- Generated by org.testng.reporters.JUnitReportReporter -->
<testsuite hostname="ASUS_123" failures="0" tests="1" name="Campaign.CreateCampaignWithProductUsingPropertiesAndExcelFileTestt" time="52.448" errors="0" timestamp="2024-07-02T10:01:02 IST" skipped="0">
  <testcase classname="Campaign.CreateCampaignWithProductUsingPropertiesAndExcelFileTestt" name="createCampaignWithProductUsingPropertiesAndExcelFileTest" time="52.448"/>
  <system-out/>
</testsuite> <!-- Campaign.CreateCampaignWithProductUsingPropertiesAndExcelFileTestt -->
