<?xml version="1.0" encoding="UTF-8"?>
<!-- Generated by org.testng.reporters.JUnitReportReporter -->
<testsuite hostname="ASUS_123" failures="0" tests="1" name="organization.createOrganizationUsingPropertiesAndExcelFileTest" time="27.915" errors="0" timestamp="2024-07-02T10:01:02 IST" skipped="0">
  <testcase classname="organization.createOrganizationUsingPropertiesAndExcelFileTest" name="createOrganizationUsingPropertiesAndExcelFileTestt" time="27.915"/>
  <system-out/>
</testsuite> <!-- organization.createOrganizationUsingPropertiesAndExcelFileTest -->
