<?xml version="1.0" encoding="UTF-8"?>
<!-- Generated by org.testng.reporters.JUnitReportReporter -->
<testsuite hostname="ASUS_123" failures="0" tests="1" name="product.CreateProductUsingPropertiesAndExcelFileTestt" time="39.762" errors="0" timestamp="2024-07-02T10:01:03 IST" skipped="0">
  <testcase classname="product.CreateProductUsingPropertiesAndExcelFileTestt" name="createProductUsingPropertiesAndExcelFileTest" time="39.762"/>
  <system-out/>
</testsuite> <!-- product.CreateProductUsingPropertiesAndExcelFileTestt -->
